<?xml version="1.0" encoding="UTF-8"?>
<!-- Generated by org.testng.reporters.JUnitXMLReporter -->
<testsuite ignored="0" hostname="Swagata" failures="5" tests="7" name="Test" time="154.127" errors="0" timestamp="2025-04-16T08:44:42 IST">
  <testcase classname="Testcase.TC001_AccountRegistrationTest" name="page" time="4.448"/>
  <testcase classname="Testcase.TC002_LoginTest" name="LOGIN" time="2.528"/>
  <testcase classname="Testcase.TC003_LoginDDT" name="Verify_loginDDT" time="21.047">
    <failure type="java.lang.AssertionError" message="null">
      <![CDATA[java.lang.AssertionError: null
at Testcase.TC003_LoginDDT.Verify_loginDDT(TC003_LoginDDT.java:77)
at java.base/java.util.ArrayList.forEach(ArrayList.java:1511)
... Removed 29 stack frames]]>
    </failure>
  </testcase> <!-- Verify_loginDDT -->
  <testcase classname="Testcase.TC003_LoginDDT" name="Verify_loginDDT" time="21.033">
    <failure type="java.lang.AssertionError" message="null">
      <![CDATA[java.lang.AssertionError: null
at Testcase.TC003_LoginDDT.Verify_loginDDT(TC003_LoginDDT.java:77)
at java.base/java.util.ArrayList.forEach(ArrayList.java:1511)
... Removed 29 stack frames]]>
    </failure>
  </testcase> <!-- Verify_loginDDT -->
  <testcase classname="Testcase.TC003_LoginDDT" name="Verify_loginDDT" time="21.219">
    <failure type="java.lang.AssertionError" message="null">
      <![CDATA[java.lang.AssertionError: null
at Testcase.TC003_LoginDDT.Verify_loginDDT(TC003_LoginDDT.java:77)
at java.base/java.util.ArrayList.forEach(ArrayList.java:1511)
... Removed 29 stack frames]]>
    </failure>
  </testcase> <!-- Verify_loginDDT -->
  <testcase classname="Testcase.TC003_LoginDDT" name="Verify_loginDDT" time="21.944">
    <failure type="java.lang.AssertionError" message="null">
      <![CDATA[java.lang.AssertionError: null
at Testcase.TC003_LoginDDT.Verify_loginDDT(TC003_LoginDDT.java:77)
at java.base/java.util.ArrayList.forEach(ArrayList.java:1511)
... Removed 29 stack frames]]>
    </failure>
  </testcase> <!-- Verify_loginDDT -->
  <testcase classname="Testcase.TC003_LoginDDT" name="Verify_loginDDT" time="13.768">
    <failure type="java.lang.AssertionError" message="null">
      <![CDATA[java.lang.AssertionError: null
at Testcase.TC003_LoginDDT.Verify_loginDDT(TC003_LoginDDT.java:77)
at java.base/java.util.ArrayList.forEach(ArrayList.java:1511)
... Removed 29 stack frames]]>
    </failure>
  </testcase> <!-- Verify_loginDDT -->
</testsuite> <!-- Test -->
